<?xml version="1.0" encoding="UTF-8"?>
<!-- Generated by org.testng.reporters.JUnitReportReporter -->
<testsuite hostname="DESKTOP-1J7MGPJ" name="scripts.TestValidLogin" tests="1" failures="0" timestamp="1 May 2019 08:41:36 GMT" time="109.106" errors="0">
  <testcase name="testValidLogin" time="109.106" classname="scripts.TestValidLogin"/>
</testsuite> <!-- scripts.TestValidLogin -->
