<?xml version="1.0" encoding="UTF-8"?>
<!-- Generated by org.testng.reporters.JUnitReportReporter -->
<testsuite hostname="DESKTOP-1J7MGPJ" name="scripts.TestInvalidLogin" tests="1" failures="0" timestamp="26 Apr 2019 17:23:06 GMT" time="95.653" errors="0">
  <testcase name="testInvalidLogin" time="95.653" classname="scripts.TestInvalidLogin"/>
</testsuite> <!-- scripts.TestInvalidLogin -->
